<?xml version="1.0" encoding="UTF-8"?>
<testsuite xmlns:xsi="http://www.w3.org/2001/XMLSchema-instance" xsi:noNamespaceSchemaLocation="https://maven.apache.org/surefire/maven-surefire-plugin/xsd/surefire-test-report.xsd" name="TestSuite" time="1.252" tests="51" errors="0" skipped="42" failures="9">
  <properties>
[...]
</properties>
  <testcase name="setUp" classname="Test_PageFactory.Test1" time="0.433">
    <failure message="The driver executable does not exist: C:\Program Files\Java\chromedriver.exe" type="java.lang.IllegalStateException">java.lang.IllegalStateException: The driver executable does not exist: C:\Program Files\Java\chromedriver.exe
</failure>
  </testcase>
  <testcase name="verifyLogin" classname="Test_PageFactory.Test1" time="0">
    <skipped message="The driver executable does not exist: C:\Program Files\Java\chromedriver.exe"/>
  </testcase>
  <testcase name="verifyUserProfileOpened" classname="Test_PageFactory.Test1" time="0">
    <skipped message="Method Test1.verifyUserProfileOpened()[pri:0, instance:Test_PageFactory.Test1@19f379] depends on not successfully finished methods"/>
  </testcase>
  <testcase name="verifyLogout" classname="Test_PageFactory.Test1" time="0">
    <skipped message="Method Test1.verifyLogout(java.lang.reflect.Method)[pri:0, instance:Test_PageFactory.Test1@19f379] depends on not successfully finished methods"/>
  </testcase>
  <testcase name="ArrayAuthentication" classname="Test_PageFactory.Test1" time="0">
    <skipped message="Method Test1.ArrayAuthentication(java.lang.String, java.lang.String)[pri:0, instance:Test_PageFactory.Test1@19f379] depends on not successfully finished methods"/>
  </testcase>
  <testcase name="tearDown" classname="Test_PageFactory.Test1" time="0">
    <skipped/>
  </testcase>
  <testcase name="setUp" classname="Test_POM.Test11" time="0.45">
    <failure message="The driver executable does not exist: C:\Program Files\Java\chromedriver.exe" type="java.lang.IllegalStateException">java.lang.IllegalStateException: The driver executable does not exist: C:\Program Files\Java\chromedriver.exe
	at Test_POM.Test11.setUp(Test11.java:40)
</failure>
  </testcase>
  <testcase name="verifyLogin" classname="Test_POM.Test11" time="0">
    <skipped message="The driver executable does not exist: C:\Program Files\Java\chromedriver.exe"/>
  </testcase>
  <testcase name="verifyUserProfileOpened" classname="Test_POM.Test11" time="0">
    <skipped message="Method Test11.verifyUserProfileOpened()[pri:0, instance:Test_POM.Test11@12cc05a] depends on not successfully finished methods"/>
  </testcase>
  <testcase name="verifyLogout" classname="Test_POM.Test11" time="0">
    <skipped message="Method Test11.verifyLogout(java.lang.reflect.Method)[pri:0, instance:Test_POM.Test11@12cc05a] depends on not successfully finished methods"/>
  </testcase>
  <testcase name="ArrayAuthentication" classname="Test_POM.Test11" time="0">
    <skipped message="Method Test11.ArrayAuthentication(java.lang.String, java.lang.String)[pri:0, instance:Test_POM.Test11@12cc05a] depends on not successfully finished methods"/>
  </testcase>
  <testcase name="tearDown" classname="Test_POM.Test11" time="0">
    <skipped/>
  </testcase>
  <testcase name="setUp" classname="Test_POM.Test22" time="0.461">
    <failure message="The driver executable does not exist: C:\Program Files\Java\chromedriver.exe" type="java.lang.IllegalStateException">java.lang.IllegalStateException: The driver executable does not exist: C:\Program Files\Java\chromedriver.exe
	at Test_POM.Test22.setUp(Test22.java:39)
</failure>
  </testcase>
  <testcase name="VerifyInvalidLoginData" classname="Test_POM.Test22" time="0">
    <skipped message="The driver executable does not exist: C:\Program Files\Java\chromedriver.exe"/>
  </testcase>
  <testcase name="VerifyInvalidLoginData" classname="Test_POM.Test22" time="0">
    <skipped message="The driver executable does not exist: C:\Program Files\Java\chromedriver.exe"/>
  </testcase>
  <testcase name="VerifyInvalidLoginData" classname="Test_POM.Test22" time="0">
    <skipped message="The driver executable does not exist: C:\Program Files\Java\chromedriver.exe"/>
  </testcase>
  <testcase name="VerifyInvalidLoginData" classname="Test_POM.Test22" time="0">
    <skipped message="The driver executable does not exist: C:\Program Files\Java\chromedriver.exe"/>
  </testcase>
  <testcase name="VerifyInvalidLoginData" classname="Test_POM.Test22" time="0">
    <skipped message="The driver executable does not exist: C:\Program Files\Java\chromedriver.exe"/>
  </testcase>
  <testcase name="VerifyInvalidLoginData" classname="Test_POM.Test22" time="0">
    <skipped message="The driver executable does not exist: C:\Program Files\Java\chromedriver.exe"/>
  </testcase>
  <testcase name="VerifyInvalidLoginData" classname="Test_POM.Test22" time="0">
    <skipped message="The driver executable does not exist: C:\Program Files\Java\chromedriver.exe"/>
  </testcase>
  <testcase name="VerifyInvalidLoginData" classname="Test_POM.Test22" time="0">
    <skipped message="The driver executable does not exist: C:\Program Files\Java\chromedriver.exe"/>
  </testcase>
  <testcase name="VerifyInvalidLoginData" classname="Test_POM.Test22" time="0">
    <skipped message="The driver executable does not exist: C:\Program Files\Java\chromedriver.exe"/>
  </testcase>
  <testcase name="VerifyInvalidLoginData" classname="Test_POM.Test22" time="0">
    <skipped message="The driver executable does not exist: C:\Program Files\Java\chromedriver.exe"/>
  </testcase>
  <testcase name="verifyNewFavouritesLabels" classname="Test_POM.Test22" time="0">
    <skipped message="The driver executable does not exist: C:\Program Files\Java\chromedriver.exe"/>
  </testcase>
  <testcase name="verifyNewLinks" classname="Test_POM.Test22" time="0">
    <skipped message="The driver executable does not exist: C:\Program Files\Java\chromedriver.exe"/>
  </testcase>
  <testcase name="verifyNewLinks" classname="Test_POM.Test22" time="0">
    <skipped message="The driver executable does not exist: C:\Program Files\Java\chromedriver.exe"/>
  </testcase>
  <testcase name="verifyNewLinks" classname="Test_POM.Test22" time="0">
    <skipped message="The driver executable does not exist: C:\Program Files\Java\chromedriver.exe"/>
  </testcase>
  <testcase name="verifyNewLinks" classname="Test_POM.Test22" time="0">
    <skipped message="The driver executable does not exist: C:\Program Files\Java\chromedriver.exe"/>
  </testcase>
  <testcase name="verifyNewLinks" classname="Test_POM.Test22" time="0">
    <skipped message="The driver executable does not exist: C:\Program Files\Java\chromedriver.exe"/>
  </testcase>
  <testcase name="verifyNewLinks" classname="Test_POM.Test22" time="0">
    <skipped message="The driver executable does not exist: C:\Program Files\Java\chromedriver.exe"/>
  </testcase>
  <testcase name="tearDown" classname="Test_POM.Test22" time="0">
    <skipped/>
  </testcase>
  <testcase name="setUp" classname="Test_POM.Test33" time="0.804">
    <failure message="The driver executable does not exist: C:\Program Files\Java\chromedriver.exe" type="java.lang.IllegalStateException">java.lang.IllegalStateException: The driver executable does not exist: C:\Program Files\Java\chromedriver.exe
	at Test_POM.Test33.setUp(Test33.java:25)
</failure>
  </testcase>
  <testcase name="verifyThatFindButtonIsVisible" classname="Test_POM.Test33" time="0">
    <skipped message="The driver executable does not exist: C:\Program Files\Java\chromedriver.exe"/>
  </testcase>
  <testcase name="setUp" classname="Test_POM.Test44" time="0.81">
    <failure message="The driver executable does not exist: C:\Program Files\Java\chromedriver.exe" type="java.lang.IllegalStateException">java.lang.IllegalStateException: The driver executable does not exist: C:\Program Files\Java\chromedriver.exe
	at Test_POM.Test44.setUp(Test44.java:25)
</failure>
  </testcase>
  <testcase name="verifyTermColor" classname="Test_POM.Test44" time="0">
    <skipped message="The driver executable does not exist: C:\Program Files\Java\chromedriver.exe"/>
  </testcase>
  <testcase name="tearDown" classname="Test_POM.Test44" time="0">
    <skipped/>
  </testcase>
  <testcase name="setUp" classname="Test_POM.Test55" time="0.817">
    <failure message="The driver executable does not exist: C:\Program Files\Java\chromedriver.exe" type="java.lang.IllegalStateException">java.lang.IllegalStateException: The driver executable does not exist: C:\Program Files\Java\chromedriver.exe
	at Test_POM.Test55.setUp(Test55.java:37)
</failure>
  </testcase>
  <testcase name="verifySearch" classname="Test_POM.Test55" time="0">
    <skipped message="The driver executable does not exist: C:\Program Files\Java\chromedriver.exe"/>
  </testcase>
  <testcase name="testSendEmail" classname="Test_POM.Test55" time="0">
    <skipped message="Method Test55.testSendEmail(java.lang.reflect.Method)[pri:0, instance:Test_POM.Test55@2d45ba] depends on not successfully finished methods"/>
  </testcase>
  <testcase name="tearDown" classname="Test_POM.Test55" time="0">
    <skipped/>
  </testcase>
  <testcase name="setUp" classname="Test_POM.Test66" time="0.823">
    <failure message="The driver executable does not exist: C:\Program Files\Java\chromedriver.exe" type="java.lang.IllegalStateException">java.lang.IllegalStateException: The driver executable does not exist: C:\Program Files\Java\chromedriver.exe
	at Test_POM.Test66.setUp(Test66.java:31)
</failure>
  </testcase>
  <testcase name="CreateDB" classname="Test_POM.Test66" time="0">
    <skipped message="The driver executable does not exist: C:\Program Files\Java\chromedriver.exe"/>
  </testcase>
  <testcase name="tearDown" classname="Test_POM.Test66" time="0">
    <skipped/>
  </testcase>
  <testcase name="setUp" classname="Test_POM.Test77" time="0.83">
    <failure message="The driver executable does not exist: C:\Program Files\Java\chromedriver.exe" type="java.lang.IllegalStateException">java.lang.IllegalStateException: The driver executable does not exist: C:\Program Files\Java\chromedriver.exe
	at Test_POM.Test77.setUp(Test77.java:39)
</failure>
  </testcase>
  <testcase name="DB_Hibernate" classname="Test_POM.Test77" time="0">
    <skipped message="The driver executable does not exist: C:\Program Files\Java\chromedriver.exe"/>
  </testcase>
  <testcase name="tearDown" classname="Test_POM.Test77" time="0">
    <skipped/>
  </testcase>
  <testcase name="setUp" classname="Test_POM.Test88" time="0.837">
    <failure message="The driver executable does not exist: C:\Program Files\Java\chromedriver.exe" type="java.lang.IllegalStateException">java.lang.IllegalStateException: The driver executable does not exist: C:\Program Files\Java\chromedriver.exe
	at Test_POM.Test88.setUp(Test88.java:35)
</failure>
  </testcase>
  <testcase name="test_DAO_DB" classname="Test_POM.Test88" time="0">
    <skipped message="The driver executable does not exist: C:\Program Files\Java\chromedriver.exe"/>
  </testcase>
  <testcase name="tearDown" classname="Test_POM.Test88" time="0">
    <skipped/>
  </testcase>
  <testcase name="verifyThatFindButtonIsNotVisible" classname="Test_POM.Test33" time="0">
    <skipped message="The driver executable does not exist: C:\Program Files\Java\chromedriver.exe"/>
  </testcase>
  <testcase name="tearDown" classname="Test_POM.Test33" time="0">
    <skipped/>
  </testcase>
</testsuite>